   1              	# 1 "../rutinas_asm.asm"
   1              		.global rgb2gray
   0              	
   0              	
   0              	
   2              	
   3              		.equ COEF1, 3483
   4              		.equ COEF2, 11718
   5              		.equ COEF3, 1183
   6              	
   7              		.text
   8              	
   9              	rgb2gray:
  10 0000 18309FE5 	  		ldr r3, =COEF1
  11 0004 930000E0 	  		mul r0, r3, r0
  12 0008 14309FE5 	  		ldr r3, =COEF2
  13 000c 930120E0 	  		mla r0, r3, r1, r0
  14 0010 10309FE5 	  		ldr r3, =COEF3
  15 0014 930220E0 	  		mla r0, r3, r2, r0
  16 0018 2007A0E1 	  		mov r0, r0, lsr #14
  17              	
  18 001c 0EF0A0E1 	  		mov pc, lr
  18      9B0D0000 
  18      C62D0000 
  18      9F040000 
DEFINED SYMBOLS
  ../rutinas_asm.asm:9      .text:00000000 rgb2gray
  ../rutinas_asm.asm:3      *ABS*:00000d9b COEF1
  ../rutinas_asm.asm:4      *ABS*:00002dc6 COEF2
  ../rutinas_asm.asm:5      *ABS*:0000049f COEF3
  ../rutinas_asm.asm:10     .text:00000000 $a
  ../rutinas_asm.asm:18     .text:00000020 $d
                   .debug_aranges:0000000c $d

NO UNDEFINED SYMBOLS
