   1              	# 1 "../pract3.asm"
   1              	.extern _stack
   0              	
   0              	
   0              	
   2              	.global start
   3              	.EQU N, 8
   4              	.data
   5 0000 07000000 	A:        .word 7,3,25,4,75,2,1,1
   5      03000000 
   5      19000000 
   5      04000000 
   5      4B000000 
   6              	.bss
   7 0000 00000000 	B:         .space N*4
   7      00000000 
   7      00000000 
   7      00000000 
   7      00000000 
   8              	.text
   9              	
  10              	start:
  11 0000 CCD09FE5 	    ldr SP, =_stack
  12 0004 00B0A0E3 	    mov fp, #0        @inicializo fp
  13 0008 C8609FE5 	    ldr r6, =A        @Dir A
  14 000c C8709FE5 	    ldr r7, =B        @Dir B
  15 0010 0080A0E3 	    mov r8, #0        @i = 0
  16              	
  17 0014 080058E3 	for:    cmp r8, #N
  18 0018 080000AA 	    bge fin
  19 001c 0600A0E1 	    mov r0, r6
  20 0020 0810A0E3 	    mov r1, #N
  21 0024 0A0000EB 	    bl MAX
  22              	
  23 0028 009196E7 	    ldr r9, [r6, r0, lsl#2]  @A[ind]
  24 002c 089187E7 	    str r9, [r7, r8, lsl#2]  @B[j] = A[ind]
  25 0030 0090A0E3 	    mov r9, #0
  26 0034 009186E7 	    str r9, [r6, r0, lsl#2] @A[ind] = 0;
  27 0038 018088E2 	    add r8, r8, #1         @i++
  28 003c F4FFFFEA 	    b for
  29              	
  30              	fin:
  31 0040 0600A0E1 	    mov r0, r6 @A
  32 0044 0810A0E3 	    mov r1, #N @N
  33 0048 0720A0E1 	    mov r2, r7 @B
  34 004c 110000EB 	    bl copia_inv
  35 0050 FEFFFFEA 	    b .
  36              	
  37              	MAX:
  38 0054 30082DE9 	    push {r4,r5, fp}
  39 0058 08B08DE2 	    add fp, sp, #8
  40 005c 0020A0E3 	    mov r2, #0    @j = 0
  41 0060 0030A0E3 	    mov r3, #0    @ind = 0
  42 0064 0040A0E3 	    mov r4, #0    @max = 0
  43              	
  44              	for_MAX:
  45 0068 010052E1 		cmp r2, r1
  46 006c 060000AA 	    bge fin_for
  47 0070 025190E7 	    ldr r5, [r0, r2, lsl#2]
  48              	
  49              	if:
  50 0074 040055E1 		cmp r5, r4
  51 0078 010000DA 	    ble fin_if
  52 007c 0540A0E1 	    mov r4, r5
  53 0080 0230A0E1 	    mov r3, r2
  54              	
  55              	fin_if:
  56 0084 012082E2 	    add r2, r2, #1
  57 0088 F6FFFFEA 	    b for_MAX
  58              	
  59              	fin_for:
  60 008c 0300A0E1 	    mov r0, r3
  61 0090 3008BDE8 	    pop {r4,r5, fp}
  62 0094 0EF0A0E1 	    mov pc, lr
  63              	
  64              	copia_inv:
  65 0098 70082DE9 	    push {r4-r6, fp}
  66 009c 0CB08DE2 	    add fp, sp, #12
  67 00a0 0030A0E3 	    mov r3, #0  @j=0
  68 00a4 0040A0E3 	    mov r4, #0 	@aux=0
  69 00a8 014041E2 	    sub r4, r1, #1
  70 00ac 0050A0E3 	    mov r5, #0
  71              	
  72 00b0 010053E1 	for_copia_inv:    cmp r3, r1
  73 00b4 040000AA 	    bge fin_for_copia_inv
  74 00b8 035044E0 	    sub r5, r4, r3
  75 00bc 056192E7 	    ldr r6, [r2, r5, lsl#2]
  76 00c0 036180E7 	    str r6, [r0, r3, lsl#2]
  77 00c4 013083E2 	    add r3, r3, #1
  78 00c8 F8FFFFEA 	    b for_copia_inv
  79              	
  80              	fin_for_copia_inv:
  81 00cc 7008BDE8 	    pop {r4-r6, fp}
  82 00d0 0EF0A0E1 	    mov pc, lr
  83 00d4 00000000 	    .end
  83      00000000 
  83      00000000 
DEFINED SYMBOLS
       ../pract3.asm:10     .text:00000000 start
       ../pract3.asm:3      *ABS*:00000008 N
       ../pract3.asm:5      .data:00000000 A
       ../pract3.asm:7      .bss:00000000 B
       ../pract3.asm:7      .bss:00000000 $d
       ../pract3.asm:11     .text:00000000 $a
       ../pract3.asm:17     .text:00000014 for
       ../pract3.asm:30     .text:00000040 fin
       ../pract3.asm:37     .text:00000054 MAX
       ../pract3.asm:64     .text:00000098 copia_inv
       ../pract3.asm:44     .text:00000068 for_MAX
       ../pract3.asm:59     .text:0000008c fin_for
       ../pract3.asm:49     .text:00000074 if
       ../pract3.asm:55     .text:00000084 fin_if
       ../pract3.asm:72     .text:000000b0 for_copia_inv
       ../pract3.asm:80     .text:000000cc fin_for_copia_inv
       ../pract3.asm:83     .text:000000d4 $d
                   .debug_aranges:0000000c $d

UNDEFINED SYMBOLS
_stack
