
pract2b.elf:     file format elf32-littlearm

Sections:
Idx Name          Size      VMA       LMA       File off  Algn
  0 .data         00000020  0c000000  0c000000  00008000  2**0
                  CONTENTS, ALLOC, LOAD, DATA
  1 .bss          00000068  0c000020  0c000020  00008020  2**0
                  ALLOC
  2 .text         000000dc  0c000088  0c000088  00008088  2**2
                  CONTENTS, ALLOC, LOAD, READONLY, CODE
  3 .ARM.attributes 00000022  00000000  00000000  00008164  2**0
                  CONTENTS, READONLY
  4 .debug_line   0000006e  00000000  00000000  00008186  2**0
                  CONTENTS, READONLY, DEBUGGING
  5 .debug_info   00000062  00000000  00000000  000081f4  2**0
                  CONTENTS, READONLY, DEBUGGING
  6 .debug_abbrev 00000014  00000000  00000000  00008256  2**0
                  CONTENTS, READONLY, DEBUGGING
  7 .debug_aranges 00000020  00000000  00000000  00008270  2**3
                  CONTENTS, READONLY, DEBUGGING

Disassembly of section .text:

0c000088 <start>:
C: 		.space N*4
P: 		.space N*4

.text
start:
		mov r9, #0
 c000088:	e3a09000 	mov	r9, #0
		mov r12, #0
 c00008c:	e3a0c000 	mov	ip, #0
		ldr r0,=A
 c000090:	e59f00b4 	ldr	r0, [pc, #180]	; c00014c <fin_for3+0x4>
		ldr r1,= max
 c000094:	e59f10b4 	ldr	r1, [pc, #180]	; c000150 <fin_for3+0x8>
		ldr r2,= ind
 c000098:	e59f20b4 	ldr	r2, [pc, #180]	; c000154 <fin_for3+0xc>
		str r12,[r2]
 c00009c:	e582c000 	str	ip, [r2]
		ldr r3,= B
 c0000a0:	e59f30b0 	ldr	r3, [pc, #176]	; c000158 <fin_for3+0x10>
		ldr r11,=C
 c0000a4:	e59fb0b0 	ldr	fp, [pc, #176]	; c00015c <fin_for3+0x14>
		ldr r8,=P
 c0000a8:	e59f80b0 	ldr	r8, [pc, #176]	; c000160 <fin_for3+0x18>

		mov r5, #0	@j
 c0000ac:	e3a05000 	mov	r5, #0

0c0000b0 <for1>:
for1:
		cmp r5, #N
 c0000b0:	e3550008 	cmp	r5, #8
		bge fin_for1
 c0000b4:	aa000016 	bge	c000114 <fin_for1>
		mov r6, #0
 c0000b8:	e3a06000 	mov	r6, #0
		mov r4, #0 @i
 c0000bc:	e3a04000 	mov	r4, #0
		str r6, [r1]
 c0000c0:	e5816000 	str	r6, [r1]

0c0000c4 <for2>:
for2:
		cmp r4,#N
 c0000c4:	e3540008 	cmp	r4, #8
		bge fin_for2
 c0000c8:	aa000008 	bge	c0000f0 <fin_for2>

0c0000cc <if>:
if:
		ldr r7,[r0,r4,lsl#2]
 c0000cc:	e7907104 	ldr	r7, [r0, r4, lsl #2]
		cmp r7, r6
 c0000d0:	e1570006 	cmp	r7, r6
		ble else
 c0000d4:	da000003 	ble	c0000e8 <else>
		mov r6, r7
 c0000d8:	e1a06007 	mov	r6, r7
		str r6,[r1]
 c0000dc:	e5816000 	str	r6, [r1]
		mov r12, r4
 c0000e0:	e1a0c004 	mov	ip, r4
		str r12, [r2]
 c0000e4:	e582c000 	str	ip, [r2]

0c0000e8 <else>:
else:
		add r4, r4,#1
 c0000e8:	e2844001 	add	r4, r4, #1
		b for2
 c0000ec:	eafffff4 	b	c0000c4 <for2>

0c0000f0 <fin_for2>:
fin_for2:
		str r6,[r3,r5, lsl#2]
 c0000f0:	e7836105 	str	r6, [r3, r5, lsl #2]
		mov r13, #N
 c0000f4:	e3a0d008 	mov	sp, #8
		sub r13, r13, #1
 c0000f8:	e24dd001 	sub	sp, sp, #1
		sub r13, r13, r5
 c0000fc:	e04dd005 	sub	sp, sp, r5
		str r6, [r11, r13,lsl#2]
 c000100:	e78b610d 	str	r6, [fp, sp, lsl #2]
		mov r13, #0
 c000104:	e3a0d000 	mov	sp, #0
		str r13,[r0, r12,lsl#2]
 c000108:	e780d10c 	str	sp, [r0, ip, lsl #2]
		add r5, r5, #1
 c00010c:	e2855001 	add	r5, r5, #1
		b for1
 c000110:	eaffffe6 	b	c0000b0 <for1>

0c000114 <fin_for1>:
fin_for1:
mov r11,#0 @k
 c000114:	e3a0b000 	mov	fp, #0
cmp r11, #N
 c000118:	e35b0008 	cmp	fp, #8
bge fin_for3
 c00011c:	aa000009 	bge	c000148 <fin_for3>
ldr r12, [r3, r11, lsl#2]
 c000120:	e793c10b 	ldr	ip, [r3, fp, lsl #2]

0c000124 <while>:

while:
		cmp r12, #M
 c000124:	e35c0002 	cmp	ip, #2
		blt fin_while
 c000128:	ba000001 	blt	c000134 <fin_while>
		sub r12,r12,#M
 c00012c:	e24cc002 	sub	ip, ip, #2
		b while
 c000130:	eafffffb 	b	c000124 <while>

0c000134 <fin_while>:

fin_while:
cmp r12, #0
 c000134:	e35c0000 	cmp	ip, #0
bgt impar
 c000138:	ca000001 	bgt	c000144 <impar>
str r8, [r3, r11, lsl#2]
 c00013c:	e783810b 	str	r8, [r3, fp, lsl #2]
b fin_for1
 c000140:	eafffff3 	b	c000114 <fin_for1>

0c000144 <impar>:
impar:
str r8, [r9]
 c000144:	e5898000 	str	r8, [r9]

0c000148 <fin_for3>:

fin_for3:
		b .
 c000148:	eafffffe 	b	c000148 <fin_for3>
 c00014c:	0c000000 	.word	0x0c000000
 c000150:	0c000040 	.word	0x0c000040
 c000154:	0c000044 	.word	0x0c000044
 c000158:	0c000020 	.word	0x0c000020
 c00015c:	0c000048 	.word	0x0c000048
 c000160:	0c000068 	.word	0x0c000068
