   1              	# 1 "../pract1a.asm"
   1              	/*-----------------------------------------------------------------
   0              	
   0              	
   0              	
   2              	**
   3              	**  Fichero:
   4              	**    pract1b.asm  10/6/2014
   5              	**
   6              	**    Fundamentos de Computadores
   7              	**    Dpto. de Arquitectura de Computadores y Automática
   8              	**    Facultad de Informática. Universidad Complutense de Madrid
   9              	**
  10              	**  Propósito:
  11              	**    Divide 2 números mediante el algoritmo de restas parciales
  12              	**
  13              	**  Notas de diseño:
  14              	**
  15              	**---------------------------------------------------------------*/
  16              	
  17              	.global start
  18              	.data
  19 0000 14000000 	A: 		.word 20
  20 0004 04000000 	B: 		.word 4
  21              	
  22              	.bss
  23 0000 00000000 	C: 	.space 4
  24 0004 00000000 	V:  .space 40
  24      00000000 
  24      00000000 
  24      00000000 
  24      00000000 
  25              	
  26              	.text
  27              	start:
  28 0000 44009FE5 			LDR R0, =A
  29 0004 44109FE5 			LDR R1, =B
  30 0008 44509FE5 			LDR R5, =C
  31 000c 44409FE5 			LDR R4, =V
  32 0010 000090E5 			LDR R0, [R0] @A
  33 0014 001091E5 			LDR R1, [R1] @B
  34 0018 0020A0E3 			MOV R2, #0
  35              	while:
  36 001c 010050E1 			CMP R0, R1
  37 0020 050000BA 			BLT FIN_BUCLE
  38 0024 010040E0 			SUB R0,R0,R1
  39 0028 0A0052E3 			CMP R2, #10
  40 002c 000000AA 			BGE SALTO
  41 0030 020184E7 			STR R0, [R4, R2, LSL #2]
  42              	SALTO:
  43 0034 012082E2 			ADD R2,R2,#1
  44 0038 F7FFFFEA 			b while
  45              	
  46              	FIN_BUCLE:
  47 003c 002085E5 			STR R2,[R5]
  48 0040 0A0052E3 			CMP R2, #10
  49 0044 021184E7 			STR R1, [R4, R2, LSL #2]
  50              	
  51              	FIN:
  52              	
  53 0048 FEFFFFEA 	B .
  54 004c 00000000 		.end
  54      04000000 
  54      00000000 
  54      04000000 
DEFINED SYMBOLS
      ../pract1a.asm:27     .text:00000000 start
      ../pract1a.asm:19     .data:00000000 A
      ../pract1a.asm:20     .data:00000004 B
      ../pract1a.asm:23     .bss:00000000 C
      ../pract1a.asm:23     .bss:00000000 $d
      ../pract1a.asm:24     .bss:00000004 V
      ../pract1a.asm:28     .text:00000000 $a
      ../pract1a.asm:35     .text:0000001c while
      ../pract1a.asm:46     .text:0000003c FIN_BUCLE
      ../pract1a.asm:42     .text:00000034 SALTO
      ../pract1a.asm:51     .text:00000048 FIN
      ../pract1a.asm:54     .text:0000004c $d
                   .debug_aranges:0000000c $d

NO UNDEFINED SYMBOLS
