
pract1a.elf:     file format elf32-littlearm

Sections:
Idx Name          Size      VMA       LMA       File off  Algn
  0 .data         00000008  0c000000  0c000000  00008000  2**0
                  CONTENTS, ALLOC, LOAD, DATA
  1 .bss          0000002c  0c000008  0c000008  00008008  2**0
                  ALLOC
  2 .text         0000005c  0c000034  0c000034  00008034  2**2
                  CONTENTS, ALLOC, LOAD, READONLY, CODE
  3 .ARM.attributes 00000022  00000000  00000000  00008090  2**0
                  CONTENTS, READONLY
  4 .debug_line   00000050  00000000  00000000  000080b2  2**0
                  CONTENTS, READONLY, DEBUGGING
  5 .debug_info   00000062  00000000  00000000  00008102  2**0
                  CONTENTS, READONLY, DEBUGGING
  6 .debug_abbrev 00000014  00000000  00000000  00008164  2**0
                  CONTENTS, READONLY, DEBUGGING
  7 .debug_aranges 00000020  00000000  00000000  00008178  2**3
                  CONTENTS, READONLY, DEBUGGING

Disassembly of section .text:

0c000034 <start>:
C: 	.space 4
V:  .space 40

.text
start:
		LDR R0, =A
 c000034:	e59f0044 	ldr	r0, [pc, #68]	; c000080 <FIN+0x4>
		LDR R1, =B
 c000038:	e59f1044 	ldr	r1, [pc, #68]	; c000084 <FIN+0x8>
		LDR R5, =C
 c00003c:	e59f5044 	ldr	r5, [pc, #68]	; c000088 <FIN+0xc>
		LDR R4, =V
 c000040:	e59f4044 	ldr	r4, [pc, #68]	; c00008c <FIN+0x10>
		LDR R0, [R0] @A
 c000044:	e5900000 	ldr	r0, [r0]
		LDR R1, [R1] @B
 c000048:	e5911000 	ldr	r1, [r1]
		MOV R2, #0
 c00004c:	e3a02000 	mov	r2, #0

0c000050 <while>:
while:
		CMP R0, R1
 c000050:	e1500001 	cmp	r0, r1
		BLT FIN_BUCLE
 c000054:	ba000005 	blt	c000070 <FIN_BUCLE>
		SUB R0,R0,R1
 c000058:	e0400001 	sub	r0, r0, r1
		CMP R2, #10
 c00005c:	e352000a 	cmp	r2, #10
		BGE SALTO
 c000060:	aa000000 	bge	c000068 <SALTO>
		STR R0, [R4, R2, LSL #2]
 c000064:	e7840102 	str	r0, [r4, r2, lsl #2]

0c000068 <SALTO>:
SALTO:
		ADD R2,R2,#1
 c000068:	e2822001 	add	r2, r2, #1
		b while
 c00006c:	eafffff7 	b	c000050 <while>

0c000070 <FIN_BUCLE>:

FIN_BUCLE:
		STR R2,[R5]
 c000070:	e5852000 	str	r2, [r5]
		CMP R2, #10
 c000074:	e352000a 	cmp	r2, #10
		STR R1, [R4, R2, LSL #2]
 c000078:	e7841102 	str	r1, [r4, r2, lsl #2]

0c00007c <FIN>:

FIN:

B .
 c00007c:	eafffffe 	b	c00007c <FIN>
 c000080:	0c000000 	.word	0x0c000000
 c000084:	0c000004 	.word	0x0c000004
 c000088:	0c000008 	.word	0x0c000008
 c00008c:	0c00000c 	.word	0x0c00000c
