
pract2a.elf:     file format elf32-littlearm

Sections:
Idx Name          Size      VMA       LMA       File off  Algn
  0 .data         00000020  0c000000  0c000000  00008000  2**0
                  CONTENTS, ALLOC, LOAD, DATA
  1 .bss          00000004  0c000020  0c000020  00008020  2**0
                  ALLOC
  2 .text         00000044  0c000024  0c000024  00008024  2**2
                  CONTENTS, ALLOC, LOAD, READONLY, CODE
  3 .ARM.attributes 00000022  00000000  00000000  00008068  2**0
                  CONTENTS, READONLY
  4 .debug_line   0000004c  00000000  00000000  0000808a  2**0
                  CONTENTS, READONLY, DEBUGGING
  5 .debug_info   00000062  00000000  00000000  000080d6  2**0
                  CONTENTS, READONLY, DEBUGGING
  6 .debug_abbrev 00000014  00000000  00000000  00008138  2**0
                  CONTENTS, READONLY, DEBUGGING
  7 .debug_aranges 00000020  00000000  00000000  00008150  2**3
                  CONTENTS, READONLY, DEBUGGING

Disassembly of section .text:

0c000024 <start>:
.bss
max: 	.space 4

.text
start:
		mov r0, #0
 c000024:	e3a00000 	mov	r0, #0
		ldr r1,=max		@ Leo la dir. de max
 c000028:	e59f1030 	ldr	r1, [pc, #48]	; c000060 <fin+0x4>
		str r0,[r1]		@ Escribo 0 en max
 c00002c:	e5810000 	str	r0, [r1]
		ldr r2,= A
 c000030:	e59f202c 	ldr	r2, [pc, #44]	; c000064 <fin+0x8>
		mov r3, #0		@i=0
 c000034:	e3a03000 	mov	r3, #0

0c000038 <for>:
for:
		cmp r3,#N @comparo i con 8 (for i< 8)
 c000038:	e3530008 	cmp	r3, #8
		bge fin @si es 8 se acaba
 c00003c:	aa000006 	bge	c00005c <fin>
		ldr r4,[r2,r3,lsl#2] @ meto A[i] en r4(r4 sera max)
 c000040:	e7924103 	ldr	r4, [r2, r3, lsl #2]
		cmp r4, r1 @comparo A[i] con el max actual (0)
 c000044:	e1540001 	cmp	r4, r1
		add r3,r3,#1 @i++
 c000048:	e2833001 	add	r3, r3, #1
		ble for @si A[i] es menor q el max actual sigue el for
 c00004c:	dafffff9 	ble	c000038 <for>
		mov  r0, r4
 c000050:	e1a00004 	mov	r0, r4
	    str r4, [r1]@si A[i] es mayor igual q el max, se guarda A[i] como el max nuevo
 c000054:	e5814000 	str	r4, [r1]
		b for
 c000058:	eafffff6 	b	c000038 <for>

0c00005c <fin>:
fin:
		b .
 c00005c:	eafffffe 	b	c00005c <fin>
 c000060:	0c000020 	.word	0x0c000020
 c000064:	0c000000 	.word	0x0c000000
